<?xml version="1.0" encoding="UTF-8"?>
<coverage generated="1749664995507" clover="3.2.0">
  <project timestamp="1749664995508" name="All files">
    <metrics statements="45" coveredstatements="17" conditionals="20" coveredconditionals="4" methods="18" coveredmethods="4" elements="83" coveredelements="25" complexity="0" loc="45" ncloc="45" packages="1" files="2" classes="2"/>
    <file name="persistFavorites.ts" path="C:\Users\cagat\OneDrive\Pulpit\tattooapp-ts\src\store\persistFavorites.ts">
      <metrics statements="12" coveredstatements="3" conditionals="6" coveredconditionals="0" methods="7" coveredmethods="0"/>
      <line num="5" count="1" type="stmt"/>
      <line num="10" count="1" type="stmt"/>
      <line num="11" count="0" type="stmt"/>
      <line num="12" count="0" type="stmt"/>
      <line num="19" count="1" type="stmt"/>
      <line num="20" count="0" type="stmt"/>
      <line num="21" count="0" type="cond" truecount="0" falsecount="2"/>
      <line num="22" count="0" type="stmt"/>
      <line num="23" count="0" type="stmt"/>
      <line num="25" count="0" type="stmt"/>
      <line num="26" count="0" type="cond" truecount="0" falsecount="4"/>
      <line num="27" count="0" type="stmt"/>
    </file>
    <file name="tattoosSlice.ts" path="C:\Users\cagat\OneDrive\Pulpit\tattooapp-ts\src\store\tattoosSlice.ts">
      <metrics statements="33" coveredstatements="14" conditionals="14" coveredconditionals="4" methods="11" coveredmethods="4"/>
      <line num="30" count="1" type="stmt"/>
      <line num="99" count="1" type="stmt"/>
      <line num="108" count="1" type="stmt"/>
      <line num="111" count="0" type="stmt"/>
      <line num="112" count="0" type="stmt"/>
      <line num="113" count="0" type="cond" truecount="0" falsecount="2"/>
      <line num="114" count="0" type="stmt"/>
      <line num="115" count="0" type="stmt"/>
      <line num="117" count="0" type="cond" truecount="0" falsecount="2"/>
      <line num="122" count="1" type="stmt"/>
      <line num="132" count="1" type="stmt"/>
      <line num="133" count="1" type="cond" truecount="1" falsecount="1"/>
      <line num="134" count="1" type="cond" truecount="1" falsecount="1"/>
      <line num="135" count="0" type="stmt"/>
      <line num="136" count="0" type="stmt"/>
      <line num="138" count="1" type="stmt"/>
      <line num="139" count="1" type="stmt"/>
      <line num="142" count="1" type="stmt"/>
      <line num="144" count="2" type="cond" truecount="2" falsecount="0"/>
      <line num="154" count="0" type="stmt"/>
      <line num="155" count="0" type="cond" truecount="0" falsecount="2"/>
      <line num="156" count="0" type="stmt"/>
      <line num="158" count="0" type="stmt"/>
      <line num="160" count="0" type="cond" truecount="0" falsecount="2"/>
      <line num="167" count="1" type="stmt"/>
      <line num="169" count="0" type="stmt"/>
      <line num="170" count="0" type="stmt"/>
      <line num="171" count="0" type="stmt"/>
      <line num="174" count="0" type="stmt"/>
      <line num="179" count="1" type="stmt"/>
      <line num="186" count="1" type="stmt"/>
      <line num="187" count="0" type="stmt"/>
      <line num="188" count="0" type="stmt"/>
    </file>
  </project>
</coverage>
