{"C:\\Users\\cagat\\OneDrive\\Pulpit\\tattooapp-ts\\src\\store\\persistFavorites.ts": {"path":"C:\\Users\\cagat\\OneDrive\\Pulpit\\tattooapp-ts\\src\\store\\persistFavorites.ts","statementMap":{"0":{"start":{"line":5,"column":22},"end":{"line":5,"column":43}},"1":{"start":{"line":10,"column":38},"end":{"line":13,"column":1}},"2":{"start":{"line":11,"column":22},"end":{"line":11,"column":91}},"3":{"start":{"line":11,"column":61},"end":{"line":11,"column":73}},"4":{"start":{"line":11,"column":86},"end":{"line":11,"column":90}},"5":{"start":{"line":12,"column":2},"end":{"line":12,"column":73}},"6":{"start":{"line":19,"column":2},"end":{"line":31,"column":3}},"7":{"start":{"line":19,"column":8},"end":{"line":31,"column":3}},"8":{"start":{"line":20,"column":26},"end":{"line":20,"column":67}},"9":{"start":{"line":21,"column":4},"end":{"line":30,"column":5}},"10":{"start":{"line":22,"column":36},"end":{"line":22,"column":61}},"11":{"start":{"line":23,"column":6},"end":{"line":29,"column":9}},"12":{"start":{"line":25,"column":23},"end":{"line":25,"column":77}},"13":{"start":{"line":25,"column":65},"end":{"line":25,"column":76}},"14":{"start":{"line":26,"column":8},"end":{"line":28,"column":9}},"15":{"start":{"line":27,"column":10},"end":{"line":27,"column":39}}},"fnMap":{"0":{"name":"(anonymous_0)","decl":{"start":{"line":10,"column":38},"end":{"line":10,"column":39}},"loc":{"start":{"line":10,"column":66},"end":{"line":13,"column":1}},"line":10},"1":{"name":"(anonymous_1)","decl":{"start":{"line":11,"column":54},"end":{"line":11,"column":55}},"loc":{"start":{"line":11,"column":61},"end":{"line":11,"column":73}},"line":11},"2":{"name":"(anonymous_2)","decl":{"start":{"line":11,"column":79},"end":{"line":11,"column":80}},"loc":{"start":{"line":11,"column":86},"end":{"line":11,"column":90}},"line":11},"3":{"name":"(anonymous_3)","decl":{"start":{"line":19,"column":2},"end":{"line":19,"column":3}},"loc":{"start":{"line":19,"column":8},"end":{"line":31,"column":3}},"line":19},"4":{"name":"(anonymous_4)","decl":{"start":{"line":19,"column":8},"end":{"line":19,"column":9}},"loc":{"start":{"line":19,"column":68},"end":{"line":31,"column":3}},"line":19},"5":{"name":"(anonymous_5)","decl":{"start":{"line":23,"column":26},"end":{"line":23,"column":27}},"loc":{"start":{"line":23,"column":34},"end":{"line":29,"column":7}},"line":23},"6":{"name":"(anonymous_6)","decl":{"start":{"line":25,"column":58},"end":{"line":25,"column":59}},"loc":{"start":{"line":25,"column":65},"end":{"line":25,"column":76}},"line":25}},"branchMap":{"0":{"loc":{"start":{"line":21,"column":4},"end":{"line":30,"column":5}},"type":"if","locations":[{"start":{"line":21,"column":4},"end":{"line":30,"column":5}},{"start":{},"end":{}}],"line":21},"1":{"loc":{"start":{"line":26,"column":8},"end":{"line":28,"column":9}},"type":"if","locations":[{"start":{"line":26,"column":8},"end":{"line":28,"column":9}},{"start":{},"end":{}}],"line":26},"2":{"loc":{"start":{"line":26,"column":12},"end":{"line":26,"column":40}},"type":"binary-expr","locations":[{"start":{"line":26,"column":12},"end":{"line":26,"column":18}},{"start":{"line":26,"column":22},"end":{"line":26,"column":40}}],"line":26}},"s":{"0":1,"1":1,"2":0,"3":0,"4":0,"5":0,"6":1,"7":0,"8":0,"9":0,"10":0,"11":0,"12":0,"13":0,"14":0,"15":0},"f":{"0":0,"1":0,"2":0,"3":0,"4":0,"5":0,"6":0},"b":{"0":[0,0],"1":[0,0],"2":[0,0]},"_coverageSchema":"1a1c01bbd47fc00a2c39e90264f33305004495a9","hash":"9fa8b9cd2229c0c440bab48856130c5d8a147d8a"}
,"C:\\Users\\cagat\\OneDrive\\Pulpit\\tattooapp-ts\\src\\store\\tattoosSlice.ts": {"path":"C:\\Users\\cagat\\OneDrive\\Pulpit\\tattooapp-ts\\src\\store\\tattoosSlice.ts","statementMap":{"0":{"start":{"line":30,"column":30},"end":{"line":97,"column":1}},"1":{"start":{"line":99,"column":35},"end":{"line":103,"column":1}},"2":{"start":{"line":108,"column":33},"end":{"line":120,"column":1}},"3":{"start":{"line":111,"column":4},"end":{"line":118,"column":5}},"4":{"start":{"line":112,"column":23},"end":{"line":112,"column":71}},"5":{"start":{"line":113,"column":6},"end":{"line":113,"column":71}},"6":{"start":{"line":113,"column":24},"end":{"line":113,"column":71}},"7":{"start":{"line":114,"column":19},"end":{"line":114,"column":40}},"8":{"start":{"line":115,"column":6},"end":{"line":115,"column":18}},"9":{"start":{"line":117,"column":6},"end":{"line":117,"column":77}},"10":{"start":{"line":122,"column":28},"end":{"line":177,"column":2}},"11":{"start":{"line":132,"column":21},"end":{"line":132,"column":74}},"12":{"start":{"line":132,"column":50},"end":{"line":132,"column":73}},"13":{"start":{"line":133,"column":6},"end":{"line":141,"column":7}},"14":{"start":{"line":134,"column":8},"end":{"line":140,"column":9}},"15":{"start":{"line":135,"column":10},"end":{"line":135,"column":36}},"16":{"start":{"line":136,"column":10},"end":{"line":136,"column":55}},"17":{"start":{"line":138,"column":10},"end":{"line":138,"column":35}},"18":{"start":{"line":139,"column":10},"end":{"line":139,"column":42}},"19":{"start":{"line":142,"column":6},"end":{"line":146,"column":8}},"20":{"start":{"line":144,"column":10},"end":{"line":145,"column":77}},"21":{"start":{"line":154,"column":6},"end":{"line":154,"column":41}},"22":{"start":{"line":155,"column":6},"end":{"line":163,"column":7}},"23":{"start":{"line":156,"column":8},"end":{"line":156,"column":49}},"24":{"start":{"line":158,"column":8},"end":{"line":162,"column":10}},"25":{"start":{"line":160,"column":12},"end":{"line":161,"column":76}},"26":{"start":{"line":167,"column":4},"end":{"line":175,"column":9}},"27":{"start":{"line":169,"column":8},"end":{"line":169,"column":42}},"28":{"start":{"line":170,"column":8},"end":{"line":170,"column":47}},"29":{"start":{"line":171,"column":8},"end":{"line":171,"column":32}},"30":{"start":{"line":174,"column":8},"end":{"line":174,"column":47}},"31":{"start":{"line":179,"column":53},"end":{"line":179,"column":73}},"32":{"start":{"line":186,"column":2},"end":{"line":189,"column":3}},"33":{"start":{"line":186,"column":18},"end":{"line":189,"column":3}},"34":{"start":{"line":187,"column":4},"end":{"line":187,"column":33}},"35":{"start":{"line":188,"column":4},"end":{"line":188,"column":39}}},"fnMap":{"0":{"name":"(anonymous_0)","decl":{"start":{"line":110,"column":2},"end":{"line":110,"column":3}},"loc":{"start":{"line":110,"column":36},"end":{"line":119,"column":3}},"line":110},"1":{"name":"(anonymous_1)","decl":{"start":{"line":131,"column":20},"end":{"line":131,"column":21}},"loc":{"start":{"line":131,"column":62},"end":{"line":147,"column":5}},"line":131},"2":{"name":"(anonymous_2)","decl":{"start":{"line":132,"column":43},"end":{"line":132,"column":44}},"loc":{"start":{"line":132,"column":50},"end":{"line":132,"column":73}},"line":132},"3":{"name":"(anonymous_3)","decl":{"start":{"line":143,"column":8},"end":{"line":143,"column":9}},"loc":{"start":{"line":144,"column":10},"end":{"line":145,"column":77}},"line":144},"4":{"name":"(anonymous_4)","decl":{"start":{"line":153,"column":23},"end":{"line":153,"column":24}},"loc":{"start":{"line":153,"column":65},"end":{"line":164,"column":5}},"line":153},"5":{"name":"(anonymous_5)","decl":{"start":{"line":159,"column":10},"end":{"line":159,"column":11}},"loc":{"start":{"line":160,"column":12},"end":{"line":161,"column":76}},"line":160},"6":{"name":"(anonymous_6)","decl":{"start":{"line":166,"column":17},"end":{"line":166,"column":18}},"loc":{"start":{"line":166,"column":30},"end":{"line":176,"column":3}},"line":166},"7":{"name":"(anonymous_7)","decl":{"start":{"line":168,"column":44},"end":{"line":168,"column":45}},"loc":{"start":{"line":168,"column":63},"end":{"line":172,"column":7}},"line":168},"8":{"name":"(anonymous_8)","decl":{"start":{"line":173,"column":43},"end":{"line":173,"column":44}},"loc":{"start":{"line":173,"column":62},"end":{"line":175,"column":7}},"line":173},"9":{"name":"(anonymous_9)","decl":{"start":{"line":186,"column":2},"end":{"line":186,"column":3}},"loc":{"start":{"line":186,"column":18},"end":{"line":189,"column":3}},"line":186},"10":{"name":"(anonymous_10)","decl":{"start":{"line":186,"column":18},"end":{"line":186,"column":19}},"loc":{"start":{"line":186,"column":72},"end":{"line":189,"column":3}},"line":186}},"branchMap":{"0":{"loc":{"start":{"line":113,"column":6},"end":{"line":113,"column":71}},"type":"if","locations":[{"start":{"line":113,"column":6},"end":{"line":113,"column":71}},{"start":{},"end":{}}],"line":113},"1":{"loc":{"start":{"line":117,"column":29},"end":{"line":117,"column":75}},"type":"binary-expr","locations":[{"start":{"line":117,"column":29},"end":{"line":117,"column":42}},{"start":{"line":117,"column":46},"end":{"line":117,"column":75}}],"line":117},"2":{"loc":{"start":{"line":133,"column":6},"end":{"line":141,"column":7}},"type":"if","locations":[{"start":{"line":133,"column":6},"end":{"line":141,"column":7}},{"start":{},"end":{}}],"line":133},"3":{"loc":{"start":{"line":134,"column":8},"end":{"line":140,"column":9}},"type":"if","locations":[{"start":{"line":134,"column":8},"end":{"line":140,"column":9}},{"start":{"line":137,"column":15},"end":{"line":140,"column":9}}],"line":134},"4":{"loc":{"start":{"line":144,"column":10},"end":{"line":145,"column":77}},"type":"binary-expr","locations":[{"start":{"line":144,"column":10},"end":{"line":144,"column":75}},{"start":{"line":145,"column":10},"end":{"line":145,"column":77}}],"line":144},"5":{"loc":{"start":{"line":155,"column":6},"end":{"line":163,"column":7}},"type":"if","locations":[{"start":{"line":155,"column":6},"end":{"line":163,"column":7}},{"start":{"line":157,"column":13},"end":{"line":163,"column":7}}],"line":155},"6":{"loc":{"start":{"line":160,"column":12},"end":{"line":161,"column":76}},"type":"binary-expr","locations":[{"start":{"line":160,"column":12},"end":{"line":160,"column":74}},{"start":{"line":161,"column":12},"end":{"line":161,"column":76}}],"line":160}},"s":{"0":1,"1":1,"2":1,"3":0,"4":0,"5":0,"6":0,"7":0,"8":0,"9":0,"10":1,"11":1,"12":1,"13":1,"14":1,"15":0,"16":0,"17":1,"18":1,"19":1,"20":2,"21":0,"22":0,"23":0,"24":0,"25":0,"26":1,"27":0,"28":0,"29":0,"30":0,"31":1,"32":1,"33":0,"34":0,"35":0},"f":{"0":0,"1":1,"2":1,"3":2,"4":0,"5":0,"6":1,"7":0,"8":0,"9":0,"10":0},"b":{"0":[0,0],"1":[0,0],"2":[1,0],"3":[0,1],"4":[2,2],"5":[0,0],"6":[0,0]},"_coverageSchema":"1a1c01bbd47fc00a2c39e90264f33305004495a9","hash":"0f2454cefcd187dbffa926f50e0324c1a72b6db8"}
}
