TN:
SF:src\store\persistFavorites.ts
FN:10,(anonymous_0)
FN:11,(anonymous_1)
FN:11,(anonymous_2)
FN:19,(anonymous_3)
FN:19,(anonymous_4)
FN:23,(anonymous_5)
FN:25,(anonymous_6)
FNF:7
FNH:0
FNDA:0,(anonymous_0)
FNDA:0,(anonymous_1)
FNDA:0,(anonymous_2)
FNDA:0,(anonymous_3)
FNDA:0,(anonymous_4)
FNDA:0,(anonymous_5)
FNDA:0,(anonymous_6)
DA:5,1
DA:10,1
DA:11,0
DA:12,0
DA:19,1
DA:20,0
DA:21,0
DA:22,0
DA:23,0
DA:25,0
DA:26,0
DA:27,0
LF:12
LH:3
BRDA:21,0,0,0
BRDA:21,0,1,0
BRDA:26,1,0,0
BRDA:26,1,1,0
BRDA:26,2,0,0
BRDA:26,2,1,0
BRF:6
BRH:0
end_of_record
TN:
SF:src\store\tattoosSlice.ts
FN:110,(anonymous_0)
FN:131,(anonymous_1)
FN:132,(anonymous_2)
FN:143,(anonymous_3)
FN:153,(anonymous_4)
FN:159,(anonymous_5)
FN:166,(anonymous_6)
FN:168,(anonymous_7)
FN:173,(anonymous_8)
FN:186,(anonymous_9)
FN:186,(anonymous_10)
FNF:11
FNH:4
FNDA:0,(anonymous_0)
FNDA:1,(anonymous_1)
FNDA:1,(anonymous_2)
FNDA:2,(anonymous_3)
FNDA:0,(anonymous_4)
FNDA:0,(anonymous_5)
FNDA:1,(anonymous_6)
FNDA:0,(anonymous_7)
FNDA:0,(anonymous_8)
FNDA:0,(anonymous_9)
FNDA:0,(anonymous_10)
DA:30,1
DA:99,1
DA:108,1
DA:111,0
DA:112,0
DA:113,0
DA:114,0
DA:115,0
DA:117,0
DA:122,1
DA:132,1
DA:133,1
DA:134,1
DA:135,0
DA:136,0
DA:138,1
DA:139,1
DA:142,1
DA:144,2
DA:154,0
DA:155,0
DA:156,0
DA:158,0
DA:160,0
DA:167,1
DA:169,0
DA:170,0
DA:171,0
DA:174,0
DA:179,1
DA:186,1
DA:187,0
DA:188,0
LF:33
LH:14
BRDA:113,0,0,0
BRDA:113,0,1,0
BRDA:117,1,0,0
BRDA:117,1,1,0
BRDA:133,2,0,1
BRDA:133,2,1,0
BRDA:134,3,0,0
BRDA:134,3,1,1
BRDA:144,4,0,2
BRDA:144,4,1,2
BRDA:155,5,0,0
BRDA:155,5,1,0
BRDA:160,6,0,0
BRDA:160,6,1,0
BRF:14
BRH:4
end_of_record
